C51 COMPILER V9.54   MAIN                                                                  08/23/2018 16:15:29 PAGE 1   


C51 COMPILER V9.54, COMPILATION OF MODULE MAIN
OBJECT MODULE PLACED IN .\Objects\main.obj
COMPILER INVOKED BY: D:\keil5\C51\BIN\C51.EXE main.c OPTIMIZE(8,SPEED) BROWSE INCDIR(..\444) DEBUG OBJECTEXTEND PRINT(.\
                    -Listings\main.lst) TABS(2) OBJECT(.\Objects\main.obj)

line level    source

   1          #include "reg52.h"
   2          #include "dian.h"
   3          #include "intrins.h"
   4          u8 ceng[]={0x01,0x02,0x04,0x08};//0,1,2,3²ã
   5          u8 shu[]={0x01,0x02,0x04,0x08,0x10,0x20,0x40,0x80};
   6          
   7          void main()
   8          {
   9   1        //u8 j;
  10   1        //j=0;
  11   1        start_init();
  12   1        while(1)
  13   1        {
  14   2           donghua6_xiaoyin();
  15   2           donghua5();
  16   2           donghua6();
  17   2           donghua3();
  18   2        }
  19   1      }


MODULE INFORMATION:   STATIC OVERLAYABLE
   CODE SIZE        =     17    ----
   CONSTANT SIZE    =   ----    ----
   XDATA SIZE       =   ----    ----
   PDATA SIZE       =   ----    ----
   DATA SIZE        =     12    ----
   IDATA SIZE       =   ----    ----
   BIT SIZE         =   ----    ----
END OF MODULE INFORMATION.


C51 COMPILATION COMPLETE.  0 WARNING(S),  0 ERROR(S)
